d:\`ciorna\c++\new09\creditorganizer\creditorganizer\x64\debug\creditorganizer.pch
d:\`ciorna\c++\new09\creditorganizer\creditorganizer\x64\debug\vc143.pdb
d:\`ciorna\c++\new09\creditorganizer\creditorganizer\x64\debug\pch.obj
d:\`ciorna\c++\new09\creditorganizer\creditorganizer\x64\debug\assemblyinfo.obj
d:\`ciorna\c++\new09\creditorganizer\creditorganizer\x64\debug\creditcardaccount.obj
d:\`ciorna\c++\new09\creditorganizer\creditorganizer\x64\debug\creditorganizer.obj
d:\`ciorna\c++\new09\creditorganizer\creditorganizer\x64\debug\.netframework,version=v4.7.2.assemblyattributes.obj
d:\`ciorna\c++\new09\creditorganizer\x64\debug\creditorganizer.exe
d:\`ciorna\c++\new09\creditorganizer\x64\debug\creditorganizer.pdb
d:\`ciorna\c++\new09\creditorganizer\creditorganizer\x64\debug\app.res
d:\`ciorna\c++\new09\creditorganizer\creditorganizer\x64\debug\creditorganizer.tlog\cl.command.1.tlog
d:\`ciorna\c++\new09\creditorganizer\creditorganizer\x64\debug\creditorganizer.tlog\cl.items.tlog
d:\`ciorna\c++\new09\creditorganizer\creditorganizer\x64\debug\creditorganizer.tlog\cl.read.1.tlog
d:\`ciorna\c++\new09\creditorganizer\creditorganizer\x64\debug\creditorganizer.tlog\cl.write.1.tlog
d:\`ciorna\c++\new09\creditorganizer\creditorganizer\x64\debug\creditorganizer.tlog\link.command.1.tlog
d:\`ciorna\c++\new09\creditorganizer\creditorganizer\x64\debug\creditorganizer.tlog\link.read.1.tlog
d:\`ciorna\c++\new09\creditorganizer\creditorganizer\x64\debug\creditorganizer.tlog\link.secondary.1.tlog
d:\`ciorna\c++\new09\creditorganizer\creditorganizer\x64\debug\creditorganizer.tlog\link.write.1.tlog
d:\`ciorna\c++\new09\creditorganizer\creditorganizer\x64\debug\creditorganizer.tlog\metagen.read.1.tlog
d:\`ciorna\c++\new09\creditorganizer\creditorganizer\x64\debug\creditorganizer.tlog\metagen.write.1.tlog
d:\`ciorna\c++\new09\creditorganizer\creditorganizer\x64\debug\creditorganizer.tlog\rc.command.1.tlog
d:\`ciorna\c++\new09\creditorganizer\creditorganizer\x64\debug\creditorganizer.tlog\rc.read.1.tlog
d:\`ciorna\c++\new09\creditorganizer\creditorganizer\x64\debug\creditorganizer.tlog\rc.write.1.tlog
