d:\facultate\`lucru obiecte\anul i\sem 2\programare orientata pe obiect\laboratoare\laborator2704\cppclr_winformsproject1\cppclr_w.aa32c273\x64\debug\cppclr_winformsproject1.pch
d:\facultate\`lucru obiecte\anul i\sem 2\programare orientata pe obiect\laboratoare\laborator2704\cppclr_winformsproject1\cppclr_w.aa32c273\x64\debug\vc143.pdb
d:\facultate\`lucru obiecte\anul i\sem 2\programare orientata pe obiect\laboratoare\laborator2704\cppclr_winformsproject1\cppclr_w.aa32c273\x64\debug\pch.obj
d:\facultate\`lucru obiecte\anul i\sem 2\programare orientata pe obiect\laboratoare\laborator2704\cppclr_winformsproject1\cppclr_w.aa32c273\x64\debug\form1.obj
d:\facultate\`lucru obiecte\anul i\sem 2\programare orientata pe obiect\laboratoare\laborator2704\cppclr_winformsproject1\cppclr_w.aa32c273\x64\debug\cppclr_winformsproject.obj
d:\facultate\`lucru obiecte\anul i\sem 2\programare orientata pe obiect\laboratoare\laborator2704\cppclr_winformsproject1\cppclr_w.aa32c273\x64\debug\assemblyinfo.obj
d:\facultate\`lucru obiecte\anul i\sem 2\programare orientata pe obiect\laboratoare\laborator2704\cppclr_winformsproject1\cppclr_w.aa32c273\x64\debug\.netframework,version=v4.7.2.assemblyattributes.obj
d:\facultate\`lucru obiecte\anul i\sem 2\programare orientata pe obiect\laboratoare\laborator2704\cppclr_winformsproject1\x64\debug\cppclr_winformsproject1.exe
d:\facultate\`lucru obiecte\anul i\sem 2\programare orientata pe obiect\laboratoare\laborator2704\cppclr_winformsproject1\x64\debug\cppclr_winformsproject1.pdb
d:\facultate\`lucru obiecte\anul i\sem 2\programare orientata pe obiect\laboratoare\laborator2704\cppclr_winformsproject1\cppclr_w.aa32c273\x64\debug\app.res
d:\facultate\`lucru obiecte\anul i\sem 2\programare orientata pe obiect\laboratoare\laborator2704\cppclr_winformsproject1\cppclr_w.aa32c273\x64\debug\cppclr_w.aa32c273.tlog\cl.command.1.tlog
d:\facultate\`lucru obiecte\anul i\sem 2\programare orientata pe obiect\laboratoare\laborator2704\cppclr_winformsproject1\cppclr_w.aa32c273\x64\debug\cppclr_w.aa32c273.tlog\cl.items.tlog
d:\facultate\`lucru obiecte\anul i\sem 2\programare orientata pe obiect\laboratoare\laborator2704\cppclr_winformsproject1\cppclr_w.aa32c273\x64\debug\cppclr_w.aa32c273.tlog\cl.read.1.tlog
d:\facultate\`lucru obiecte\anul i\sem 2\programare orientata pe obiect\laboratoare\laborator2704\cppclr_winformsproject1\cppclr_w.aa32c273\x64\debug\cppclr_w.aa32c273.tlog\cl.write.1.tlog
d:\facultate\`lucru obiecte\anul i\sem 2\programare orientata pe obiect\laboratoare\laborator2704\cppclr_winformsproject1\cppclr_w.aa32c273\x64\debug\cppclr_w.aa32c273.tlog\link.command.1.tlog
d:\facultate\`lucru obiecte\anul i\sem 2\programare orientata pe obiect\laboratoare\laborator2704\cppclr_winformsproject1\cppclr_w.aa32c273\x64\debug\cppclr_w.aa32c273.tlog\link.read.1.tlog
d:\facultate\`lucru obiecte\anul i\sem 2\programare orientata pe obiect\laboratoare\laborator2704\cppclr_winformsproject1\cppclr_w.aa32c273\x64\debug\cppclr_w.aa32c273.tlog\link.secondary.1.tlog
d:\facultate\`lucru obiecte\anul i\sem 2\programare orientata pe obiect\laboratoare\laborator2704\cppclr_winformsproject1\cppclr_w.aa32c273\x64\debug\cppclr_w.aa32c273.tlog\link.write.1.tlog
d:\facultate\`lucru obiecte\anul i\sem 2\programare orientata pe obiect\laboratoare\laborator2704\cppclr_winformsproject1\cppclr_w.aa32c273\x64\debug\cppclr_w.aa32c273.tlog\metagen.read.1.tlog
d:\facultate\`lucru obiecte\anul i\sem 2\programare orientata pe obiect\laboratoare\laborator2704\cppclr_winformsproject1\cppclr_w.aa32c273\x64\debug\cppclr_w.aa32c273.tlog\metagen.write.1.tlog
d:\facultate\`lucru obiecte\anul i\sem 2\programare orientata pe obiect\laboratoare\laborator2704\cppclr_winformsproject1\cppclr_w.aa32c273\x64\debug\cppclr_w.aa32c273.tlog\rc.command.1.tlog
d:\facultate\`lucru obiecte\anul i\sem 2\programare orientata pe obiect\laboratoare\laborator2704\cppclr_winformsproject1\cppclr_w.aa32c273\x64\debug\cppclr_w.aa32c273.tlog\rc.read.1.tlog
d:\facultate\`lucru obiecte\anul i\sem 2\programare orientata pe obiect\laboratoare\laborator2704\cppclr_winformsproject1\cppclr_w.aa32c273\x64\debug\cppclr_w.aa32c273.tlog\rc.write.1.tlog
d:\facultate\`lucru obiecte\anul i\sem 2\programare orientata pe obiect\laboratoare\laborator2704\cppclr_winformsproject1\cppclr_w.aa32c273\x64\debug\cppclr_w.aa32c273.tlog\resgen.command.1.tlog
d:\facultate\`lucru obiecte\anul i\sem 2\programare orientata pe obiect\laboratoare\laborator2704\cppclr_winformsproject1\cppclr_w.aa32c273\x64\debug\cppclr_w.aa32c273.tlog\resgen.read.1.tlog
d:\facultate\`lucru obiecte\anul i\sem 2\programare orientata pe obiect\laboratoare\laborator2704\cppclr_winformsproject1\cppclr_w.aa32c273\x64\debug\cppclr_w.aa32c273.tlog\resgen.write.1.tlog
